<?xml version="1.0" encoding="UTF-8"?>
<!-- Generated by org.testng.reporters.JUnitReportReporter -->
<testsuite hostname="SRINIVAS-G2005" failures="0" tests="3" name="demoAutomationTesting.HandlingWindows" time="26.449" errors="0" timestamp="2025-03-23T09:26:47 IST" skipped="0">
  <testcase classname="demoAutomationTesting.HandlingWindows" name="openNewTabWindow" time="5.663"/>
  <testcase classname="demoAutomationTesting.HandlingWindows" name="openNewWindow" time="1.414"/>
  <testcase classname="demoAutomationTesting.HandlingWindows" name="openMultipleWindow" time="19.372"/>
</testsuite> <!-- demoAutomationTesting.HandlingWindows -->
