<?xml version="1.0" encoding="UTF-8"?>
<!-- Generated by org.testng.reporters.JUnitReportReporter -->
<testsuite hostname="SRINIVAS-G2005" failures="0" tests="1" name="orangeHRM.HandlingWindows" time="14.846" errors="0" timestamp="2025-03-23T10:20:28 IST" skipped="0">
  <testcase classname="orangeHRM.HandlingWindows" name="handlinWindow" time="14.846"/>
</testsuite> <!-- orangeHRM.HandlingWindows -->
