<?xml version="1.0" encoding="UTF-8"?>
<!-- Generated by org.testng.reporters.JUnitReportReporter -->
<testsuite hostname="SRINIVAS-G2005" failures="0" tests="1" name="globalsQA.HandlingWindows" time="1.328" errors="0" timestamp="2025-04-05T08:21:42 IST" skipped="0">
  <testcase classname="globalsQA.HandlingWindows" name="newTabWindow" time="1.328"/>
</testsuite> <!-- globalsQA.HandlingWindows -->
