<?xml version="1.0" encoding="UTF-8"?>
<!-- Generated by org.testng.reporters.JUnitReportReporter -->
<testsuite hostname="SRINIVAS-G2005" failures="0" tests="1" name="automationBlogSpot.HandlingWindows" time="31.615" errors="0" timestamp="2025-03-31T13:56:37 IST" skipped="0">
  <testcase classname="automationBlogSpot.HandlingWindows" name="newTab" time="31.615"/>
</testsuite> <!-- automationBlogSpot.HandlingWindows -->
