<?xml version="1.0" encoding="UTF-8"?>
<!-- Generated by org.testng.reporters.JUnitReportReporter -->
<testsuite hostname="SRINIVAS-G2005" failures="0" tests="3" name="demoAutomationTesting.HandlingWindows" time="7.503" errors="0" timestamp="2025-03-23T08:46:54 IST" skipped="0">
  <testcase classname="demoAutomationTesting.HandlingWindows" name="openNewTabWindow" time="7.500"/>
  <testcase classname="demoAutomationTesting.HandlingWindows" name="openNewWindow" time="0.001"/>
  <testcase classname="demoAutomationTesting.HandlingWindows" name="openMultipleWindow" time="0.002"/>
</testsuite> <!-- demoAutomationTesting.HandlingWindows -->
