<?xml version="1.0" encoding="UTF-8"?>
<!-- Generated by org.testng.reporters.JUnitReportReporter -->
<testsuite hostname="SRINIVAS-G2005" failures="0" tests="3" name="tutorialsPoint.HandligWindows" time="2.412" errors="0" timestamp="2025-07-04T10:34:46 IST" skipped="0">
  <testcase classname="tutorialsPoint.HandligWindows" name="openNewTab" time="0.872"/>
  <testcase classname="tutorialsPoint.HandligWindows" name="openNewWindow1" time="0.748"/>
  <testcase classname="tutorialsPoint.HandligWindows" name="openNewWindow2" time="0.792"/>
</testsuite> <!-- tutorialsPoint.HandligWindows -->
