<?xml version="1.0" encoding="UTF-8"?>
<!-- Generated by org.testng.reporters.JUnitReportReporter -->
<testsuite hostname="SRINIVAS-G2005" failures="0" tests="1" name="tutorialsPoint.HandligWindows" time="0.713" errors="0" timestamp="2025-07-04T10:21:34 IST" skipped="0">
  <testcase classname="tutorialsPoint.HandligWindows" name="openNewTab" time="0.713"/>
</testsuite> <!-- tutorialsPoint.HandligWindows -->
