<?xml version="1.0" encoding="UTF-8"?>
<!-- Generated by org.testng.reporters.JUnitReportReporter -->
<testsuite hostname="SRINIVAS-G2005" failures="0" tests="2" name="automationBlogSpot.HandlingWindows" time="25.069" errors="0" timestamp="2025-03-31T14:29:06 IST" skipped="0">
  <testcase classname="automationBlogSpot.HandlingWindows" name="newTab" time="3.640"/>
  <testcase classname="automationBlogSpot.HandlingWindows" name="popUpWindow" time="21.429"/>
</testsuite> <!-- automationBlogSpot.HandlingWindows -->
